{"/Users/xia/source/smarty-end/lib/framework/decors.ts": {"path":"/Users/xia/source/smarty-end/lib/framework/decors.ts","statementMap":{"0":{"start":{"line":1,"column":0},"end":{"line":1,"column":28}},"1":{"start":{"line":4,"column":0},"end":{"line":4,"column":36}},"2":{"start":{"line":20,"column":13},"end":{"line":20,"column":17}},"3":{"start":{"line":22,"column":17},"end":{"line":47,"column":1}},"4":{"start":{"line":23,"column":4},"end":{"line":46,"column":null}},"5":{"start":{"line":24,"column":8},"end":{"line":45,"column":null}},"6":{"start":{"line":25,"column":12},"end":{"line":27,"column":null}},"7":{"start":{"line":26,"column":16},"end":{"line":26,"column":22}},"8":{"start":{"line":30,"column":25},"end":{"line":30,"column":27}},"9":{"start":{"line":31,"column":12},"end":{"line":33,"column":null}},"10":{"start":{"line":32,"column":16},"end":{"line":32,"column":null}},"11":{"start":{"line":35,"column":12},"end":{"line":37,"column":null}},"12":{"start":{"line":36,"column":16},"end":{"line":36,"column":null}},"13":{"start":{"line":39,"column":12},"end":{"line":39,"column":null}},"14":{"start":{"line":42,"column":24},"end":{"line":42,"column":69}},"15":{"start":{"line":44,"column":12},"end":{"line":44,"column":null}},"16":{"start":{"line":49,"column":15},"end":{"line":49,"column":109}},"17":{"start":{"line":49,"column":31},"end":{"line":49,"column":109}},"18":{"start":{"line":49,"column":74},"end":{"line":49,"column":109}},"19":{"start":{"line":50,"column":13},"end":{"line":50,"column":null}},"20":{"start":{"line":51,"column":13},"end":{"line":51,"column":null}},"21":{"start":{"line":52,"column":13},"end":{"line":52,"column":null}},"22":{"start":{"line":53,"column":13},"end":{"line":53,"column":null}},"23":{"start":{"line":55,"column":13},"end":{"line":63,"column":null}},"24":{"start":{"line":57,"column":4},"end":{"line":57,"column":null}},"25":{"start":{"line":58,"column":20},"end":{"line":58,"column":49}},"26":{"start":{"line":60,"column":4},"end":{"line":62,"column":null}},"27":{"start":{"line":61,"column":21},"end":{"line":61,"column":46}},"28":{"start":{"line":62,"column":25},"end":{"line":62,"column":38}},"29":{"start":{"line":65,"column":13},"end":{"line":69,"column":null}},"30":{"start":{"line":66,"column":4},"end":{"line":68,"column":null}},"31":{"start":{"line":67,"column":8},"end":{"line":67,"column":null}}},"fnMap":{"0":{"name":"(anonymous_0)","decl":{"start":{"line":22,"column":17},"end":{"line":22,"column":18}},"loc":{"start":{"line":22,"column":87},"end":{"line":47,"column":1}}},"1":{"name":"(anonymous_1)","decl":{"start":{"line":23,"column":11},"end":{"line":23,"column":12}},"loc":{"start":{"line":23,"column":40},"end":{"line":46,"column":5}}},"2":{"name":"(anonymous_2)","decl":{"start":{"line":24,"column":25},"end":{"line":24,"column":28}},"loc":{"start":{"line":24,"column":30},"end":{"line":45,"column":9}}},"3":{"name":"(anonymous_3)","decl":{"start":{"line":49,"column":15},"end":{"line":49,"column":16}},"loc":{"start":{"line":49,"column":31},"end":{"line":49,"column":109}}},"4":{"name":"(anonymous_4)","decl":{"start":{"line":49,"column":31},"end":{"line":49,"column":32}},"loc":{"start":{"line":49,"column":74},"end":{"line":49,"column":109}}},"5":{"name":"(anonymous_5)","decl":{"start":{"line":55,"column":20},"end":{"line":55,"column":21}},"loc":{"start":{"line":55,"column":72},"end":{"line":63,"column":1}}},"6":{"name":"(anonymous_6)","decl":{"start":{"line":61,"column":16},"end":{"line":61,"column":17}},"loc":{"start":{"line":61,"column":21},"end":{"line":61,"column":46}}},"7":{"name":"(anonymous_7)","decl":{"start":{"line":62,"column":17},"end":{"line":62,"column":21}},"loc":{"start":{"line":62,"column":25},"end":{"line":62,"column":38}}},"8":{"name":"(anonymous_8)","decl":{"start":{"line":65,"column":27},"end":{"line":65,"column":28}},"loc":{"start":{"line":65,"column":54},"end":{"line":69,"column":1}}},"9":{"name":"(anonymous_9)","decl":{"start":{"line":66,"column":11},"end":{"line":66,"column":12}},"loc":{"start":{"line":66,"column":22},"end":{"line":68,"column":5}}}},"branchMap":{"0":{"loc":{"start":{"line":22,"column":81},"end":{"line":22,"column":83}},"type":"default-arg","locations":[{"start":{"line":22,"column":81},"end":{"line":22,"column":83}}]},"1":{"loc":{"start":{"line":25,"column":12},"end":{"line":27,"column":null}},"type":"if","locations":[{"start":{"line":25,"column":12},"end":{"line":27,"column":null}},{"start":{"line":25,"column":12},"end":{"line":27,"column":null}}]},"2":{"loc":{"start":{"line":31,"column":12},"end":{"line":33,"column":null}},"type":"if","locations":[{"start":{"line":31,"column":12},"end":{"line":33,"column":null}},{"start":{"line":31,"column":12},"end":{"line":33,"column":null}}]},"3":{"loc":{"start":{"line":35,"column":12},"end":{"line":37,"column":null}},"type":"if","locations":[{"start":{"line":35,"column":12},"end":{"line":37,"column":null}},{"start":{"line":35,"column":12},"end":{"line":37,"column":null}}]},"4":{"loc":{"start":{"line":42,"column":41},"end":{"line":42,"column":62}},"type":"cond-expr","locations":[{"start":{"line":42,"column":41},"end":{"line":42,"column":62}},{"start":{"line":42,"column":65},"end":{"line":42,"column":69}}]},"5":{"loc":{"start":{"line":55,"column":61},"end":{"line":55,"column":63}},"type":"default-arg","locations":[{"start":{"line":55,"column":61},"end":{"line":55,"column":63}}]},"6":{"loc":{"start":{"line":58,"column":20},"end":{"line":58,"column":35}},"type":"binary-expr","locations":[{"start":{"line":58,"column":20},"end":{"line":58,"column":35}},{"start":{"line":58,"column":39},"end":{"line":58,"column":49}}]}},"s":{"0":1,"1":1,"2":1,"3":1,"4":2,"5":2,"6":0,"7":0,"8":0,"9":0,"10":0,"11":0,"12":0,"13":0,"14":0,"15":0,"16":1,"17":4,"18":2,"19":1,"20":1,"21":1,"22":1,"23":1,"24":0,"25":0,"26":0,"27":0,"28":0,"29":1,"30":1,"31":1},"f":{"0":2,"1":2,"2":0,"3":4,"4":2,"5":0,"6":0,"7":0,"8":1,"9":1},"b":{"0":[0],"1":[0,0],"2":[0,0],"3":[0,0],"4":[0,0],"5":[0],"6":[0,0]}}
,"/Users/xia/source/smarty-end/lib/framework/validate.ts": {"path":"/Users/xia/source/smarty-end/lib/framework/validate.ts","statementMap":{"0":{"start":{"line":1,"column":0},"end":{"line":1,"column":38}},"1":{"start":{"line":2,"column":21},"end":{"line":19,"column":1}},"2":{"start":{"line":2,"column":36},"end":{"line":19,"column":1}},"3":{"start":{"line":3,"column":4},"end":{"line":18,"column":null}},"4":{"start":{"line":4,"column":25},"end":{"line":4,"column":41}},"5":{"start":{"line":5,"column":8},"end":{"line":16,"column":null}},"6":{"start":{"line":6,"column":24},"end":{"line":6,"column":31}},"7":{"start":{"line":7,"column":22},"end":{"line":7,"column":37}},"8":{"start":{"line":8,"column":25},"end":{"line":8,"column":39}},"9":{"start":{"line":9,"column":12},"end":{"line":14,"column":null}},"10":{"start":{"line":10,"column":31},"end":{"line":10,"column":53}},"11":{"start":{"line":11,"column":16},"end":{"line":13,"column":null}},"12":{"start":{"line":12,"column":20},"end":{"line":12,"column":null}},"13":{"start":{"line":15,"column":12},"end":{"line":15,"column":null}},"14":{"start":{"line":17,"column":8},"end":{"line":17,"column":null}},"15":{"start":{"line":21,"column":13},"end":{"line":21,"column":null}},"16":{"start":{"line":22,"column":13},"end":{"line":22,"column":null}}},"fnMap":{"0":{"name":"(anonymous_0)","decl":{"start":{"line":2,"column":21},"end":{"line":2,"column":22}},"loc":{"start":{"line":2,"column":36},"end":{"line":19,"column":1}}},"1":{"name":"(anonymous_1)","decl":{"start":{"line":2,"column":36},"end":{"line":2,"column":37}},"loc":{"start":{"line":2,"column":45},"end":{"line":19,"column":1}}},"2":{"name":"(anonymous_2)","decl":{"start":{"line":3,"column":11},"end":{"line":3,"column":12}},"loc":{"start":{"line":3,"column":40},"end":{"line":18,"column":5}}},"3":{"name":"(anonymous_3)","decl":{"start":{"line":5,"column":27},"end":{"line":5,"column":28}},"loc":{"start":{"line":5,"column":39},"end":{"line":16,"column":9}}}},"branchMap":{"0":{"loc":{"start":{"line":9,"column":12},"end":{"line":14,"column":null}},"type":"if","locations":[{"start":{"line":9,"column":12},"end":{"line":14,"column":null}},{"start":{"line":9,"column":12},"end":{"line":14,"column":null}}]},"1":{"loc":{"start":{"line":11,"column":16},"end":{"line":13,"column":null}},"type":"if","locations":[{"start":{"line":11,"column":16},"end":{"line":13,"column":null}},{"start":{"line":11,"column":16},"end":{"line":13,"column":null}}]}},"s":{"0":1,"1":1,"2":2,"3":2,"4":2,"5":2,"6":2,"7":2,"8":2,"9":2,"10":0,"11":0,"12":0,"13":2,"14":2,"15":1,"16":1},"f":{"0":2,"1":2,"2":2,"3":2},"b":{"0":[0,2],"1":[0,0]}}
,"/Users/xia/source/smarty-end/src/controller/user.ts": {"path":"/Users/xia/source/smarty-end/src/controller/user.ts","statementMap":{"0":{"start":{"line":2,"column":0},"end":{"line":2,"column":67}},"1":{"start":{"line":3,"column":0},"end":{"line":3,"column":64}},"2":{"start":{"line":4,"column":14},"end":{"line":4,"column":40}},"3":{"start":{"line":14,"column":0},"end":{"line":54,"column":null}},"4":{"start":{"line":32,"column":8},"end":{"line":32,"column":null}},"5":{"start":{"line":51,"column":8},"end":{"line":51,"column":null}},"6":{"start":{"line":52,"column":8},"end":{"line":52,"column":null}},"7":{"start":{"line":30,"column":4},"end":{"line":33,"column":null}},"8":{"start":{"line":22,"column":16},"end":{"line":22,"column":null}},"9":{"start":{"line":23,"column":16},"end":{"line":23,"column":null}},"10":{"start":{"line":50,"column":4},"end":{"line":53,"column":null}},"11":{"start":{"line":45,"column":16},"end":{"line":45,"column":null}},"12":{"start":{"line":46,"column":16},"end":{"line":46,"column":null}},"13":{"start":{"line":14,"column":21},"end":{"line":54,"column":null}},"14":{"start":{"line":10,"column":8},"end":{"line":10,"column":null}},"15":{"start":{"line":11,"column":8},"end":{"line":11,"column":null}},"16":{"start":{"line":14,"column":21},"end":{"line":14,"column":null}}},"fnMap":{"0":{"name":"(anonymous_2)","decl":{"start":{"line":30,"column":11},"end":{"line":30,"column":16}},"loc":{"start":{"line":30,"column":25},"end":{"line":33,"column":5}}},"1":{"name":"(anonymous_3)","decl":{"start":{"line":50,"column":11},"end":{"line":50,"column":14}},"loc":{"start":{"line":50,"column":18},"end":{"line":53,"column":5}}},"2":{"name":"(anonymous_4)","decl":{"start":{"line":21,"column":12},"end":{"line":21,"column":17}},"loc":{"start":{"line":21,"column":32},"end":{"line":24,"column":13}}},"3":{"name":"(anonymous_5)","decl":{"start":{"line":44,"column":12},"end":{"line":44,"column":17}},"loc":{"start":{"line":44,"column":32},"end":{"line":47,"column":13}}},"4":{"name":"(anonymous_6)","decl":{"start":{"line":9,"column":4},"end":{"line":9,"column":9}},"loc":{"start":{"line":9,"column":24},"end":{"line":12,"column":5}}}},"branchMap":{},"s":{"0":1,"1":1,"2":1,"3":1,"4":1,"5":1,"6":1,"7":1,"8":0,"9":0,"10":1,"11":0,"12":0,"13":1,"14":0,"15":0,"16":1},"f":{"0":1,"1":1,"2":0,"3":0,"4":0},"b":{}}
}
