TN:
SF:lib/framework/decors.ts
FN:22,(anonymous_0)
FN:23,(anonymous_1)
FN:24,(anonymous_2)
FN:49,(anonymous_3)
FN:49,(anonymous_4)
FN:55,(anonymous_5)
FN:61,(anonymous_6)
FN:62,(anonymous_7)
FN:65,(anonymous_8)
FN:66,(anonymous_9)
FNF:10
FNH:6
FNDA:2,(anonymous_0)
FNDA:2,(anonymous_1)
FNDA:0,(anonymous_2)
FNDA:4,(anonymous_3)
FNDA:2,(anonymous_4)
FNDA:0,(anonymous_5)
FNDA:0,(anonymous_6)
FNDA:0,(anonymous_7)
FNDA:1,(anonymous_8)
FNDA:1,(anonymous_9)
DA:1,1
DA:4,1
DA:20,1
DA:22,1
DA:23,2
DA:24,2
DA:25,0
DA:26,0
DA:30,0
DA:31,0
DA:32,0
DA:35,0
DA:36,0
DA:39,0
DA:42,0
DA:44,0
DA:49,4
DA:50,1
DA:51,1
DA:52,1
DA:53,1
DA:55,1
DA:57,0
DA:58,0
DA:60,0
DA:61,0
DA:62,0
DA:65,1
DA:66,1
DA:67,1
LF:30
LH:15
BRDA:22,0,0,0
BRDA:25,1,0,0
BRDA:25,1,1,0
BRDA:31,2,0,0
BRDA:31,2,1,0
BRDA:35,3,0,0
BRDA:35,3,1,0
BRDA:42,4,0,0
BRDA:42,4,1,0
BRDA:55,5,0,0
BRDA:58,6,0,0
BRDA:58,6,1,0
BRF:12
BRH:0
end_of_record
TN:
SF:lib/framework/validate.ts
FN:2,(anonymous_0)
FN:2,(anonymous_1)
FN:3,(anonymous_2)
FN:5,(anonymous_3)
FNF:4
FNH:4
FNDA:2,(anonymous_0)
FNDA:2,(anonymous_1)
FNDA:2,(anonymous_2)
FNDA:2,(anonymous_3)
DA:1,1
DA:2,2
DA:3,2
DA:4,2
DA:5,2
DA:6,2
DA:7,2
DA:8,2
DA:9,2
DA:10,0
DA:11,0
DA:12,0
DA:15,2
DA:17,2
DA:21,1
DA:22,1
LF:16
LH:13
BRDA:9,0,0,0
BRDA:9,0,1,2
BRDA:11,1,0,0
BRDA:11,1,1,0
BRF:4
BRH:1
end_of_record
TN:
SF:src/controller/user.ts
FN:30,(anonymous_2)
FN:50,(anonymous_3)
FN:21,(anonymous_4)
FN:44,(anonymous_5)
FN:9,(anonymous_6)
FNF:5
FNH:2
FNDA:1,(anonymous_2)
FNDA:1,(anonymous_3)
FNDA:0,(anonymous_4)
FNDA:0,(anonymous_5)
FNDA:0,(anonymous_6)
DA:2,1
DA:3,1
DA:4,1
DA:10,0
DA:11,0
DA:14,1
DA:22,0
DA:23,0
DA:30,1
DA:32,1
DA:45,0
DA:46,0
DA:50,1
DA:51,1
DA:52,1
LF:15
LH:9
BRF:0
BRH:0
end_of_record
